# JRE version: OpenJDK Runtime Environment (11.0.4+11) (build 11.0.4+11-post-Ubuntu-1ubuntu219.04)
# Java VM: OpenJDK 64-Bit Server VM (11.0.4+11-post-Ubuntu-1ubuntu219.04, mixed mode, sharing, tiered, compressed oops, g1 gc, linux-amd64)
Heap:
 garbage-first heap   total 129024K, used 83114K [0x0000000084a00000, 0x0000000100000000)
  region size 1024K, 74 young (75776K), 1 survivors (1024K)
 Metaspace       used 19632K, capacity 20348K, committed 20480K, reserved 1067008K
  class space    used 2178K, capacity 2488K, committed 2560K, reserved 1048576K
GC Heap History (10 events):
Event: 2045,207 GC heap after
{Heap after GC invocations=100 (full 0):
 garbage-first heap   total 129024K, used 8673K [0x0000000084a00000, 0x0000000100000000)
  region size 1024K, 1 young (1024K), 1 survivors (1024K)
 Metaspace       used 19632K, capacity 20348K, committed 20480K, reserved 1067008K
  class space    used 2178K, capacity 2488K, committed 2560K, reserved 1048576K
}
Event: 2067,170 GC heap before
{Heap before GC invocations=100 (full 0):
 garbage-first heap   total 129024K, used 83425K [0x0000000084a00000, 0x0000000100000000)
  region size 1024K, 74 young (75776K), 1 survivors (1024K)
 Metaspace       used 19632K, capacity 20348K, committed 20480K, reserved 1067008K
  class space    used 2178K, capacity 2488K, committed 2560K, reserved 1048576K
}
Event: 2067,214 GC heap after
{Heap after GC invocations=101 (full 0):
 garbage-first heap   total 129024K, used 8374K [0x0000000084a00000, 0x0000000100000000)
  region size 1024K, 1 young (1024K), 1 survivors (1024K)
 Metaspace       used 19632K, capacity 20348K, committed 20480K, reserved 1067008K
  class space    used 2178K, capacity 2488K, committed 2560K, reserved 1048576K
}
Event: 2089,100 GC heap before
{Heap before GC invocations=101 (full 0):
 garbage-first heap   total 129024K, used 83126K [0x0000000084a00000, 0x0000000100000000)
  region size 1024K, 74 young (75776K), 1 survivors (1024K)
 Metaspace       used 19632K, capacity 20348K, committed 20480K, reserved 1067008K
  class space    used 2178K, capacity 2488K, committed 2560K, reserved 1048576K
}
Event: 2089,116 GC heap after
{Heap after GC invocations=102 (full 0):
 garbage-first heap   total 129024K, used 8384K [0x0000000084a00000, 0x0000000100000000)
  region size 1024K, 1 young (1024K), 1 survivors (1024K)
 Metaspace       used 19632K, capacity 20348K, committed 20480K, reserved 1067008K
  class space    used 2178K, capacity 2488K, committed 2560K, reserved 1048576K
}
Event: 2111,107 GC heap before
{Heap before GC invocations=102 (full 0):
 garbage-first heap   total 129024K, used 83136K [0x0000000084a00000, 0x0000000100000000)
  region size 1024K, 74 young (75776K), 1 survivors (1024K)
 Metaspace       used 19632K, capacity 20348K, committed 20480K, reserved 1067008K
  class space    used 2178K, capacity 2488K, committed 2560K, reserved 1048576K
}
Event: 2111,130 GC heap after
{Heap after GC invocations=103 (full 0):
 garbage-first heap   total 129024K, used 8493K [0x0000000084a00000, 0x0000000100000000)
  region size 1024K, 1 young (1024K), 1 survivors (1024K)
 Metaspace       used 19632K, capacity 20348K, committed 20480K, reserved 1067008K
  class space    used 2178K, capacity 2488K, committed 2560K, reserved 1048576K
}
Event: 2132,995 GC heap before
{Heap before GC invocations=103 (full 0):
 garbage-first heap   total 129024K, used 83245K [0x0000000084a00000, 0x0000000100000000)
  region size 1024K, 74 young (75776K), 1 survivors (1024K)
 Metaspace       used 19632K, capacity 20348K, committed 20480K, reserved 1067008K
  class space    used 2178K, capacity 2488K, committed 2560K, reserved 1048576K
}
Event: 2132,999 GC heap after
{Heap after GC invocations=104 (full 0):
 garbage-first heap   total 129024K, used 8362K [0x0000000084a00000, 0x0000000100000000)
  region size 1024K, 1 young (1024K), 1 survivors (1024K)
 Metaspace       used 19632K, capacity 20348K, committed 20480K, reserved 1067008K
  class space    used 2178K, capacity 2488K, committed 2560K, reserved 1048576K
}
Event: 2154,954 GC heap before
{Heap before GC invocations=104 (full 0):
 garbage-first heap   total 129024K, used 83114K [0x0000000084a00000, 0x0000000100000000)
  region size 1024K, 74 young (75776K), 1 survivors (1024K)
 Metaspace       used 19632K, capacity 20348K, committed 20480K, reserved 1067008K
  class space    used 2178K, capacity 2488K, committed 2560K, reserved 1048576K
}

