# JRE version: OpenJDK Runtime Environment (11.0.7+10) (build 11.0.7+10-post-Ubuntu-3ubuntu1)
# Java VM: OpenJDK 64-Bit Server VM (11.0.7+10-post-Ubuntu-3ubuntu1, mixed mode, sharing, tiered, compressed oops, parallel gc, linux-amd64)
Heap:
 PSYoungGen      total 11264K, used 2594K [0x00000000eab00000, 0x00000000ebb00000, 0x0000000100000000)
  eden space 8192K, 0% used [0x00000000eab00000,0x00000000eab00000,0x00000000eb300000)
  from space 3072K, 84% used [0x00000000eb800000,0x00000000eba88b28,0x00000000ebb00000)
  to   space 3584K, 0% used [0x00000000eb400000,0x00000000eb400000,0x00000000eb780000)
 ParOldGen       total 101888K, used 101857K [0x00000000c0000000, 0x00000000c6380000, 0x00000000eab00000)
  object space 101888K, 99% used [0x00000000c0000000,0x00000000c6378678,0x00000000c6380000)
 Metaspace       used 70683K, capacity 73828K, committed 74240K, reserved 1116160K
  class space    used 6382K, capacity 7570K, committed 7680K, reserved 1048576K
GC Heap History (20 events):
Event: 1901,633 GC heap after
{Heap after GC invocations=2797 (full 66):
 PSYoungGen      total 8704K, used 960K [0x00000000eab00000, 0x00000000eb580000, 0x0000000100000000)
  eden space 7680K, 0% used [0x00000000eab00000,0x00000000eab00000,0x00000000eb280000)
  from space 1024K, 93% used [0x00000000eb300000,0x00000000eb3f0000,0x00000000eb400000)
  to   space 1536K, 0% used [0x00000000eb400000,0x00000000eb400000,0x00000000eb580000)
 ParOldGen       total 101888K, used 90294K [0x00000000c0000000, 0x00000000c6380000, 0x00000000eab00000)
  object space 101888K, 88% used [0x00000000c0000000,0x00000000c582da50,0x00000000c6380000)
 Metaspace       used 70667K, capacity 73764K, committed 74240K, reserved 1116160K
  class space    used 6381K, capacity 7570K, committed 7680K, reserved 1048576K
}
Event: 1901,689 GC heap before
{Heap before GC invocations=2798 (full 66):
 PSYoungGen      total 8704K, used 8640K [0x00000000eab00000, 0x00000000eb580000, 0x0000000100000000)
  eden space 7680K, 100% used [0x00000000eab00000,0x00000000eb280000,0x00000000eb280000)
  from space 1024K, 93% used [0x00000000eb300000,0x00000000eb3f0000,0x00000000eb400000)
  to   space 1536K, 0% used [0x00000000eb400000,0x00000000eb400000,0x00000000eb580000)
 ParOldGen       total 101888K, used 90294K [0x00000000c0000000, 0x00000000c6380000, 0x00000000eab00000)
  object space 101888K, 88% used [0x00000000c0000000,0x00000000c582da50,0x00000000c6380000)
 Metaspace       used 70669K, capacity 73764K, committed 74240K, reserved 1116160K
  class space    used 6381K, capacity 7570K, committed 7680K, reserved 1048576K
}
Event: 1901,695 GC heap after
{Heap after GC invocations=2798 (full 66):
 PSYoungGen      total 9216K, used 1280K [0x00000000eab00000, 0x00000000eb580000, 0x0000000100000000)
  eden space 7680K, 0% used [0x00000000eab00000,0x00000000eab00000,0x00000000eb280000)
  from space 1536K, 83% used [0x00000000eb400000,0x00000000eb540000,0x00000000eb580000)
  to   space 1536K, 0% used [0x00000000eb280000,0x00000000eb280000,0x00000000eb400000)
 ParOldGen       total 101888K, used 91025K [0x00000000c0000000, 0x00000000c6380000, 0x00000000eab00000)
  object space 101888K, 89% used [0x00000000c0000000,0x00000000c58e44b8,0x00000000c6380000)
 Metaspace       used 70669K, capacity 73764K, committed 74240K, reserved 1116160K
  class space    used 6381K, capacity 7570K, committed 7680K, reserved 1048576K
}
Event: 1901,783 GC heap before
{Heap before GC invocations=2799 (full 66):
 PSYoungGen      total 9216K, used 8960K [0x00000000eab00000, 0x00000000eb580000, 0x0000000100000000)
  eden space 7680K, 100% used [0x00000000eab00000,0x00000000eb280000,0x00000000eb280000)
  from space 1536K, 83% used [0x00000000eb400000,0x00000000eb540000,0x00000000eb580000)
  to   space 1536K, 0% used [0x00000000eb280000,0x00000000eb280000,0x00000000eb400000)
 ParOldGen       total 101888K, used 91025K [0x00000000c0000000, 0x00000000c6380000, 0x00000000eab00000)
  object space 101888K, 89% used [0x00000000c0000000,0x00000000c58e44b8,0x00000000c6380000)
 Metaspace       used 70669K, capacity 73764K, committed 74240K, reserved 1116160K
  class space    used 6381K, capacity 7570K, committed 7680K, reserved 1048576K
}
Event: 1901,789 GC heap after
{Heap after GC invocations=2799 (full 66):
 PSYoungGen      total 9216K, used 1120K [0x00000000eab00000, 0x00000000eb580000, 0x0000000100000000)
  eden space 7680K, 0% used [0x00000000eab00000,0x00000000eab00000,0x00000000eb280000)
  from space 1536K, 72% used [0x00000000eb280000,0x00000000eb398000,0x00000000eb400000)
  to   space 1536K, 0% used [0x00000000eb400000,0x00000000eb400000,0x00000000eb580000)
 ParOldGen       total 101888K, used 92213K [0x00000000c0000000, 0x00000000c6380000, 0x00000000eab00000)
  object space 101888K, 90% used [0x00000000c0000000,0x00000000c5a0d730,0x00000000c6380000)
 Metaspace       used 70669K, capacity 73764K, committed 74240K, reserved 1116160K
  class space    used 6381K, capacity 7570K, committed 7680K, reserved 1048576K
}
Event: 1901,832 GC heap before
{Heap before GC invocations=2800 (full 66):
 PSYoungGen      total 9216K, used 8800K [0x00000000eab00000, 0x00000000eb580000, 0x0000000100000000)
  eden space 7680K, 100% used [0x00000000eab00000,0x00000000eb280000,0x00000000eb280000)
  from space 1536K, 72% used [0x00000000eb280000,0x00000000eb398000,0x00000000eb400000)
  to   space 1536K, 0% used [0x00000000eb400000,0x00000000eb400000,0x00000000eb580000)
 ParOldGen       total 101888K, used 92213K [0x00000000c0000000, 0x00000000c6380000, 0x00000000eab00000)
  object space 101888K, 90% used [0x00000000c0000000,0x00000000c5a0d730,0x00000000c6380000)
 Metaspace       used 70682K, capacity 73828K, committed 74240K, reserved 1116160K
  class space    used 6382K, capacity 7570K, committed 7680K, reserved 1048576K
}
Event: 1901,845 GC heap after
{Heap after GC invocations=2800 (full 66):
 PSYoungGen      total 8704K, used 949K [0x00000000eab00000, 0x00000000eb500000, 0x0000000100000000)
  eden space 7680K, 0% used [0x00000000eab00000,0x00000000eab00000,0x00000000eb280000)
  from space 1024K, 92% used [0x00000000eb400000,0x00000000eb4ed640,0x00000000eb500000)
  to   space 1024K, 0% used [0x00000000eb300000,0x00000000eb300000,0x00000000eb400000)
 ParOldGen       total 101888K, used 93020K [0x00000000c0000000, 0x00000000c6380000, 0x00000000eab00000)
  object space 101888K, 91% used [0x00000000c0000000,0x00000000c5ad7140,0x00000000c6380000)
 Metaspace       used 70682K, capacity 73828K, committed 74240K, reserved 1116160K
  class space    used 6382K, capacity 7570K, committed 7680K, reserved 1048576K
}
Event: 1901,883 GC heap before
{Heap before GC invocations=2801 (full 66):
 PSYoungGen      total 8704K, used 8629K [0x00000000eab00000, 0x00000000eb500000, 0x0000000100000000)
  eden space 7680K, 100% used [0x00000000eab00000,0x00000000eb280000,0x00000000eb280000)
  from space 1024K, 92% used [0x00000000eb400000,0x00000000eb4ed640,0x00000000eb500000)
  to   space 1024K, 0% used [0x00000000eb300000,0x00000000eb300000,0x00000000eb400000)
 ParOldGen       total 101888K, used 93020K [0x00000000c0000000, 0x00000000c6380000, 0x00000000eab00000)
  object space 101888K, 91% used [0x00000000c0000000,0x00000000c5ad7140,0x00000000c6380000)
 Metaspace       used 70682K, capacity 73828K, committed 74240K, reserved 1116160K
  class space    used 6382K, capacity 7570K, committed 7680K, reserved 1048576K
}
Event: 1901,896 GC heap after
{Heap after GC invocations=2801 (full 66):
 PSYoungGen      total 8704K, used 997K [0x00000000eab00000, 0x00000000eb780000, 0x0000000100000000)
  eden space 7680K, 0% used [0x00000000eab00000,0x00000000eab00000,0x00000000eb280000)
  from space 1024K, 97% used [0x00000000eb300000,0x00000000eb3f9630,0x00000000eb400000)
  to   space 2560K, 0% used [0x00000000eb500000,0x00000000eb500000,0x00000000eb780000)
 ParOldGen       total 101888K, used 94230K [0x00000000c0000000, 0x00000000c6380000, 0x00000000eab00000)
  object space 101888K, 92% used [0x00000000c0000000,0x00000000c5c05b50,0x00000000c6380000)
 Metaspace       used 70682K, capacity 73828K, committed 74240K, reserved 1116160K
  class space    used 6382K, capacity 7570K, committed 7680K, reserved 1048576K
}
Event: 1901,929 GC heap before
{Heap before GC invocations=2802 (full 66):
 PSYoungGen      total 8704K, used 8677K [0x00000000eab00000, 0x00000000eb780000, 0x0000000100000000)
  eden space 7680K, 100% used [0x00000000eab00000,0x00000000eb280000,0x00000000eb280000)
  from space 1024K, 97% used [0x00000000eb300000,0x00000000eb3f9630,0x00000000eb400000)
  to   space 2560K, 0% used [0x00000000eb500000,0x00000000eb500000,0x00000000eb780000)
 ParOldGen       total 101888K, used 94230K [0x00000000c0000000, 0x00000000c6380000, 0x00000000eab00000)
  object space 101888K, 92% used [0x00000000c0000000,0x00000000c5c05b50,0x00000000c6380000)
 Metaspace       used 70682K, capacity 73828K, committed 74240K, reserved 1116160K
  class space    used 6382K, capacity 7570K, committed 7680K, reserved 1048576K
}
Event: 1901,931 GC heap after
{Heap after GC invocations=2802 (full 66):
 PSYoungGen      total 8704K, used 896K [0x00000000eab00000, 0x00000000eb600000, 0x0000000100000000)
  eden space 7680K, 0% used [0x00000000eab00000,0x00000000eab00000,0x00000000eb280000)
  from space 1024K, 87% used [0x00000000eb500000,0x00000000eb5e0000,0x00000000eb600000)
  to   space 1536K, 0% used [0x00000000eb300000,0x00000000eb300000,0x00000000eb480000)
 ParOldGen       total 101888K, used 95176K [0x00000000c0000000, 0x00000000c6380000, 0x00000000eab00000)
  object space 101888K, 93% used [0x00000000c0000000,0x00000000c5cf2388,0x00000000c6380000)
 Metaspace       used 70682K, capacity 73828K, committed 74240K, reserved 1116160K
  class space    used 6382K, capacity 7570K, committed 7680K, reserved 1048576K
}
Event: 1901,973 GC heap before
{Heap before GC invocations=2803 (full 66):
 PSYoungGen      total 8704K, used 8576K [0x00000000eab00000, 0x00000000eb600000, 0x0000000100000000)
  eden space 7680K, 100% used [0x00000000eab00000,0x00000000eb280000,0x00000000eb280000)
  from space 1024K, 87% used [0x00000000eb500000,0x00000000eb5e0000,0x00000000eb600000)
  to   space 1536K, 0% used [0x00000000eb300000,0x00000000eb300000,0x00000000eb480000)
 ParOldGen       total 101888K, used 95176K [0x00000000c0000000, 0x00000000c6380000, 0x00000000eab00000)
  object space 101888K, 93% used [0x00000000c0000000,0x00000000c5cf2388,0x00000000c6380000)
 Metaspace       used 70682K, capacity 73828K, committed 74240K, reserved 1116160K
  class space    used 6382K, capacity 7570K, committed 7680K, reserved 1048576K
}
Event: 1901,979 GC heap after
{Heap after GC invocations=2803 (full 66):
 PSYoungGen      total 9216K, used 1136K [0x00000000eab00000, 0x00000000eb580000, 0x0000000100000000)
  eden space 7680K, 0% used [0x00000000eab00000,0x00000000eab00000,0x00000000eb280000)
  from space 1536K, 73% used [0x00000000eb300000,0x00000000eb41c140,0x00000000eb480000)
  to   space 1024K, 0% used [0x00000000eb480000,0x00000000eb480000,0x00000000eb580000)
 ParOldGen       total 101888K, used 95970K [0x00000000c0000000, 0x00000000c6380000, 0x00000000eab00000)
  object space 101888K, 94% used [0x00000000c0000000,0x00000000c5db8938,0x00000000c6380000)
 Metaspace       used 70682K, capacity 73828K, committed 74240K, reserved 1116160K
  class space    used 6382K, capacity 7570K, committed 7680K, reserved 1048576K
}
Event: 1902,004 GC heap before
{Heap before GC invocations=2804 (full 66):
 PSYoungGen      total 9216K, used 8816K [0x00000000eab00000, 0x00000000eb580000, 0x0000000100000000)
  eden space 7680K, 100% used [0x00000000eab00000,0x00000000eb280000,0x00000000eb280000)
  from space 1536K, 73% used [0x00000000eb300000,0x00000000eb41c140,0x00000000eb480000)
  to   space 1024K, 0% used [0x00000000eb480000,0x00000000eb480000,0x00000000eb580000)
 ParOldGen       total 101888K, used 95970K [0x00000000c0000000, 0x00000000c6380000, 0x00000000eab00000)
  object space 101888K, 94% used [0x00000000c0000000,0x00000000c5db8938,0x00000000c6380000)
 Metaspace       used 70682K, capacity 73828K, committed 74240K, reserved 1116160K
  class space    used 6382K, capacity 7570K, committed 7680K, reserved 1048576K
}
Event: 1902,010 GC heap after
{Heap after GC invocations=2804 (full 66):
 PSYoungGen      total 7680K, used 997K [0x00000000eab00000, 0x00000000eb880000, 0x0000000100000000)
  eden space 6656K, 0% used [0x00000000eab00000,0x00000000eab00000,0x00000000eb180000)
  from space 1024K, 97% used [0x00000000eb480000,0x00000000eb579630,0x00000000eb580000)
  to   space 3072K, 0% used [0x00000000eb180000,0x00000000eb180000,0x00000000eb480000)
 ParOldGen       total 101888K, used 97529K [0x00000000c0000000, 0x00000000c6380000, 0x00000000eab00000)
  object space 101888K, 95% used [0x00000000c0000000,0x00000000c5f3e4f8,0x00000000c6380000)
 Metaspace       used 70682K, capacity 73828K, committed 74240K, reserved 1116160K
  class space    used 6382K, capacity 7570K, committed 7680K, reserved 1048576K
}
Event: 1902,041 GC heap before
{Heap before GC invocations=2805 (full 66):
 PSYoungGen      total 7680K, used 7651K [0x00000000eab00000, 0x00000000eb880000, 0x0000000100000000)
  eden space 6656K, 99% used [0x00000000eab00000,0x00000000eb17f968,0x00000000eb180000)
  from space 1024K, 97% used [0x00000000eb480000,0x00000000eb579630,0x00000000eb580000)
  to   space 3072K, 0% used [0x00000000eb180000,0x00000000eb180000,0x00000000eb480000)
 ParOldGen       total 101888K, used 97529K [0x00000000c0000000, 0x00000000c6380000, 0x00000000eab00000)
  object space 101888K, 95% used [0x00000000c0000000,0x00000000c5f3e4f8,0x00000000c6380000)
 Metaspace       used 70682K, capacity 73828K, committed 74240K, reserved 1116160K
  class space    used 6382K, capacity 7570K, committed 7680K, reserved 1048576K
}
Event: 1902,055 GC heap after
{Heap after GC invocations=2805 (full 66):
 PSYoungGen      total 9728K, used 3069K [0x00000000eab00000, 0x00000000ebd00000, 0x0000000100000000)
  eden space 6656K, 0% used [0x00000000eab00000,0x00000000eab00000,0x00000000eb180000)
  from space 3072K, 99% used [0x00000000eb180000,0x00000000eb47f7a0,0x00000000eb480000)
  to   space 5120K, 0% used [0x00000000eb800000,0x00000000eb800000,0x00000000ebd00000)
 ParOldGen       total 101888K, used 98847K [0x00000000c0000000, 0x00000000c6380000, 0x00000000eab00000)
  object space 101888K, 97% used [0x00000000c0000000,0x00000000c6087d18,0x00000000c6380000)
 Metaspace       used 70682K, capacity 73828K, committed 74240K, reserved 1116160K
  class space    used 6382K, capacity 7570K, committed 7680K, reserved 1048576K
}
Event: 1902,084 GC heap before
{Heap before GC invocations=2806 (full 66):
 PSYoungGen      total 9728K, used 9725K [0x00000000eab00000, 0x00000000ebd00000, 0x0000000100000000)
  eden space 6656K, 100% used [0x00000000eab00000,0x00000000eb180000,0x00000000eb180000)
  from space 3072K, 99% used [0x00000000eb180000,0x00000000eb47f7a0,0x00000000eb480000)
  to   space 5120K, 0% used [0x00000000eb800000,0x00000000eb800000,0x00000000ebd00000)
 ParOldGen       total 101888K, used 98847K [0x00000000c0000000, 0x00000000c6380000, 0x00000000eab00000)
  object space 101888K, 97% used [0x00000000c0000000,0x00000000c6087d18,0x00000000c6380000)
 Metaspace       used 70683K, capacity 73828K, committed 74240K, reserved 1116160K
  class space    used 6382K, capacity 7570K, committed 7680K, reserved 1048576K
}
Event: 1902,095 GC heap after
{Heap after GC invocations=2806 (full 66):
 PSYoungGen      total 11264K, used 2594K [0x00000000eab00000, 0x00000000ebb00000, 0x0000000100000000)
  eden space 8192K, 0% used [0x00000000eab00000,0x00000000eab00000,0x00000000eb300000)
  from space 3072K, 84% used [0x00000000eb800000,0x00000000eba88b28,0x00000000ebb00000)
  to   space 3584K, 0% used [0x00000000eb400000,0x00000000eb400000,0x00000000eb780000)
 ParOldGen       total 101888K, used 101857K [0x00000000c0000000, 0x00000000c6380000, 0x00000000eab00000)
  object space 101888K, 99% used [0x00000000c0000000,0x00000000c6378678,0x00000000c6380000)
 Metaspace       used 70683K, capacity 73828K, committed 74240K, reserved 1116160K
  class space    used 6382K, capacity 7570K, committed 7680K, reserved 1048576K
}
Event: 1902,095 GC heap before
{Heap before GC invocations=2807 (full 67):
 PSYoungGen      total 11264K, used 2594K [0x00000000eab00000, 0x00000000ebb00000, 0x0000000100000000)
  eden space 8192K, 0% used [0x00000000eab00000,0x00000000eab00000,0x00000000eb300000)
  from space 3072K, 84% used [0x00000000eb800000,0x00000000eba88b28,0x00000000ebb00000)
  to   space 3584K, 0% used [0x00000000eb400000,0x00000000eb400000,0x00000000eb780000)
 ParOldGen       total 101888K, used 101857K [0x00000000c0000000, 0x00000000c6380000, 0x00000000eab00000)
  object space 101888K, 99% used [0x00000000c0000000,0x00000000c6378678,0x00000000c6380000)
 Metaspace       used 70683K, capacity 73828K, committed 74240K, reserved 1116160K
  class space    used 6382K, capacity 7570K, committed 7680K, reserved 1048576K
}

